2013/11/26 00:36:14 [error] [exception.CHttpException.404] exception 'CHttpException' with message 'The requested page does not exist' in C:\www\cms\protected\modules\cms_content\controllers\ViewController.php:37
Stack trace:
#0 [internal function]: ViewController->actionType('cms_content', 'admin')
#1 C:\www\yii\framework\web\actions\CAction.php(108): ReflectionMethod->invokeArgs(Object(ViewController), Array)
#2 C:\www\yii\framework\web\actions\CInlineAction.php(47): CAction->runWithParamsInternal(Object(ViewController), Object(ReflectionMethod), Array)
#3 C:\www\yii\framework\web\CController.php(308): CInlineAction->runWithParams(Array)
#4 C:\www\yii\framework\web\CController.php(286): CController->runAction(Object(CInlineAction))
#5 C:\www\yii\framework\web\CController.php(265): CController->runActionWithFilters(Object(CInlineAction), Array)
#6 C:\www\yii\framework\web\CWebApplication.php(282): CController->run('type')
#7 C:\www\yii\framework\web\CWebApplication.php(141): CWebApplication->runController('cms_content/vie...')
#8 C:\www\yii\framework\base\CApplication.php(169): CWebApplication->processRequest()
#9 C:\www\cms\index.php(13): CApplication->run()
#10 {main}
REQUEST_URI=/cms/cms_content/admin/
HTTP_REFERER=http://localhost/cms/cms_content/admin/default
---
2014/01/05 09:26:54 [error] [exception.CDbException] exception 'CDbException' with message 'CDbConnection failed to open the DB connection: SQLSTATE[28000] [1045] Access denied for user 'root'@'localhost' (using password: NO)' in C:\wamp\www\yii\framework\db\CDbConnection.php:382
Stack trace:
#0 C:\wamp\www\yii\framework\db\CDbConnection.php(330): CDbConnection->open()
#1 C:\wamp\www\yii\framework\db\CDbConnection.php(308): CDbConnection->setActive(true)
#2 C:\wamp\www\yii\framework\base\CModule.php(387): CDbConnection->init()
#3 C:\wamp\www\yii\framework\base\CApplication.php(450): CModule->getComponent('db')
#4 C:\wamp\www\yii\framework\db\ar\CActiveRecord.php(634): CApplication->getDb()
#5 C:\wamp\www\yii\framework\db\ar\CActiveRecord.php(1428): CActiveRecord->getDbConnection()
#6 C:\wamp\www\yii\framework\db\ar\CActiveRecord.php(1517): CActiveRecord->getTableAlias(true)
#7 C:\wamp\www\cms\protected\modules\cms_content\models\Language.php(138): CActiveRecord->findByAttributes(Array, Array)
#8 C:\wamp\www\cms\protected\modules\cms_core\components\PreloadCms.php(20): Language::getDefault()
#9 C:\wamp\www\yii\framework\base\CModule.php(387): PreloadCms->init()
#10 C:\wamp\www\yii\framework\base\CModule.php(523): CModule->getComponent('PreloadCms')
#11 C:\wamp\www\yii\framework\base\CApplication.php(163): CModule->preloadComponents()
#12 C:\wamp\www\yii\framework\YiiBase.php(125): CApplication->__construct('C:\wamp\www\cms...')
#13 C:\wamp\www\yii\framework\YiiBase.php(98): YiiBase::createApplication('CWebApplication', 'C:\wamp\www\cms...')
#14 C:\wamp\www\cms\index.php(13): YiiBase::createWebApplication('C:\wamp\www\cms...')
#15 {main}
REQUEST_URI=/cms/
---
2014/01/05 09:28:27 [error] [exception.CDbException] exception 'CDbException' with message 'CDbConnection failed to open the DB connection: SQLSTATE[42000] [1049] Unknown database 'demo_cms'' in C:\wamp\www\yii\framework\db\CDbConnection.php:382
Stack trace:
#0 C:\wamp\www\yii\framework\db\CDbConnection.php(330): CDbConnection->open()
#1 C:\wamp\www\yii\framework\db\CDbConnection.php(308): CDbConnection->setActive(true)
#2 C:\wamp\www\yii\framework\base\CModule.php(387): CDbConnection->init()
#3 C:\wamp\www\yii\framework\base\CApplication.php(450): CModule->getComponent('db')
#4 C:\wamp\www\yii\framework\db\ar\CActiveRecord.php(634): CApplication->getDb()
#5 C:\wamp\www\yii\framework\db\ar\CActiveRecord.php(1428): CActiveRecord->getDbConnection()
#6 C:\wamp\www\yii\framework\db\ar\CActiveRecord.php(1517): CActiveRecord->getTableAlias(true)
#7 C:\wamp\www\cms\protected\modules\cms_content\models\Language.php(138): CActiveRecord->findByAttributes(Array, Array)
#8 C:\wamp\www\cms\protected\modules\cms_core\components\PreloadCms.php(20): Language::getDefault()
#9 C:\wamp\www\yii\framework\base\CModule.php(387): PreloadCms->init()
#10 C:\wamp\www\yii\framework\base\CModule.php(523): CModule->getComponent('PreloadCms')
#11 C:\wamp\www\yii\framework\base\CApplication.php(163): CModule->preloadComponents()
#12 C:\wamp\www\yii\framework\YiiBase.php(125): CApplication->__construct('C:\wamp\www\cms...')
#13 C:\wamp\www\yii\framework\YiiBase.php(98): YiiBase::createApplication('CWebApplication', 'C:\wamp\www\cms...')
#14 C:\wamp\www\cms\index.php(13): YiiBase::createWebApplication('C:\wamp\www\cms...')
#15 {main}
REQUEST_URI=/cms/
---
2014/01/05 09:29:38 [error] [system.db.CDbCommand] CDbCommand::fetchAll() failed: SQLSTATE[42S02]: Base table or view not found: 1146 Table 'demo_cms.language' doesn't exist. The SQL statement executed was: SHOW FULL COLUMNS FROM `language`.
in C:\wamp\www\cms\protected\modules\cms_content\models\Language.php (138)
in C:\wamp\www\cms\protected\modules\cms_core\components\PreloadCms.php (20)
in C:\wamp\www\cms\index.php (13)
2014/01/05 09:29:38 [error] [exception.CDbException] exception 'CDbException' with message 'The table "language" for active record class "Language" cannot be found in the database.' in C:\wamp\www\yii\framework\db\ar\CActiveRecord.php:2362
Stack trace:
#0 C:\wamp\www\yii\framework\db\ar\CActiveRecord.php(411): CActiveRecordMetaData->__construct(Object(Language))
#1 C:\wamp\www\yii\framework\db\ar\CActiveRecord.php(658): CActiveRecord->getMetaData()
#2 C:\wamp\www\yii\framework\db\ar\CActiveRecord.php(1518): CActiveRecord->getTableSchema()
#3 C:\wamp\www\cms\protected\modules\cms_content\models\Language.php(138): CActiveRecord->findByAttributes(Array, Array)
#4 C:\wamp\www\cms\protected\modules\cms_core\components\PreloadCms.php(20): Language::getDefault()
#5 C:\wamp\www\yii\framework\base\CModule.php(387): PreloadCms->init()
#6 C:\wamp\www\yii\framework\base\CModule.php(523): CModule->getComponent('PreloadCms')
#7 C:\wamp\www\yii\framework\base\CApplication.php(163): CModule->preloadComponents()
#8 C:\wamp\www\yii\framework\YiiBase.php(125): CApplication->__construct('C:\wamp\www\cms...')
#9 C:\wamp\www\yii\framework\YiiBase.php(98): YiiBase::createApplication('CWebApplication', 'C:\wamp\www\cms...')
#10 C:\wamp\www\cms\index.php(13): YiiBase::createWebApplication('C:\wamp\www\cms...')
#11 {main}
REQUEST_URI=/cms/
---
2014/01/05 09:40:17 [error] [exception.CHttpException.404] exception 'CHttpException' with message 'The system is unable to find the requested action "popup".' in C:\wamp\www\yii\framework\web\CController.php:483
Stack trace:
#0 C:\wamp\www\yii\framework\web\CController.php(270): CController->missingAction('popup')
#1 C:\wamp\www\yii\framework\web\CWebApplication.php(282): CController->run('popup')
#2 C:\wamp\www\yii\framework\web\CWebApplication.php(141): CWebApplication->runController('cms_content/adm...')
#3 C:\wamp\www\yii\framework\base\CApplication.php(180): CWebApplication->processRequest()
#4 C:\wamp\www\cms\index.php(13): CApplication->run()
#5 {main}
REQUEST_URI=/cms/admin/cms_content/filemanager/popup
HTTP_REFERER=http://localhost/cms/cms_content/admin/default
---
2014/01/05 09:40:30 [error] [exception.CHttpException.404] exception 'CHttpException' with message 'The system is unable to find the requested action "popup".' in C:\wamp\www\yii\framework\web\CController.php:483
Stack trace:
#0 C:\wamp\www\yii\framework\web\CController.php(270): CController->missingAction('popup')
#1 C:\wamp\www\yii\framework\web\CWebApplication.php(282): CController->run('popup')
#2 C:\wamp\www\yii\framework\web\CWebApplication.php(141): CWebApplication->runController('cms_content/adm...')
#3 C:\wamp\www\yii\framework\base\CApplication.php(180): CWebApplication->processRequest()
#4 C:\wamp\www\cms\index.php(13): CApplication->run()
#5 {main}
REQUEST_URI=/cms/admin/cms_content/filemanager/popup
HTTP_REFERER=http://localhost/cms/cms_content/admin/default
---
2014/01/05 09:40:43 [error] [exception.CHttpException.404] exception 'CHttpException' with message 'The system is unable to find the requested action "popup".' in C:\wamp\www\yii\framework\web\CController.php:483
Stack trace:
#0 C:\wamp\www\yii\framework\web\CController.php(270): CController->missingAction('popup')
#1 C:\wamp\www\yii\framework\web\CWebApplication.php(282): CController->run('popup')
#2 C:\wamp\www\yii\framework\web\CWebApplication.php(141): CWebApplication->runController('cms_content/adm...')
#3 C:\wamp\www\yii\framework\base\CApplication.php(180): CWebApplication->processRequest()
#4 C:\wamp\www\cms\index.php(13): CApplication->run()
#5 {main}
REQUEST_URI=/cms/admin/cms_content/filemanager/popup
HTTP_REFERER=http://localhost/cms/cms_content/admin/default
---
2014/01/05 09:45:39 [error] [exception.CHttpException.404] exception 'CHttpException' with message 'The system is unable to find the requested action "popup".' in C:\wamp\www\yii\framework\web\CController.php:483
Stack trace:
#0 C:\wamp\www\yii\framework\web\CController.php(270): CController->missingAction('popup')
#1 C:\wamp\www\yii\framework\web\CWebApplication.php(282): CController->run('popup')
#2 C:\wamp\www\yii\framework\web\CWebApplication.php(141): CWebApplication->runController('cms_content/adm...')
#3 C:\wamp\www\yii\framework\base\CApplication.php(180): CWebApplication->processRequest()
#4 C:\wamp\www\cms\index.php(13): CApplication->run()
#5 {main}
REQUEST_URI=/cms/admin/cms_content/filemanager/popup
HTTP_REFERER=http://localhost/cms/cms_content/admin/default
---
2014/01/05 10:17:14 [error] [exception.CHttpException.404] exception 'CHttpException' with message 'The system is unable to find the requested action "popup".' in C:\wamp\www\yii\framework\web\CController.php:483
Stack trace:
#0 C:\wamp\www\yii\framework\web\CController.php(270): CController->missingAction('popup')
#1 C:\wamp\www\yii\framework\web\CWebApplication.php(282): CController->run('popup')
#2 C:\wamp\www\yii\framework\web\CWebApplication.php(141): CWebApplication->runController('cms_content/adm...')
#3 C:\wamp\www\yii\framework\base\CApplication.php(180): CWebApplication->processRequest()
#4 C:\wamp\www\cms\index.php(13): CApplication->run()
#5 {main}
REQUEST_URI=/cms/admin/cms_content/filemanager/popup
HTTP_REFERER=http://localhost/cms/cms_content/admin/default
---
2014/01/05 11:17:35 [error] [exception.CHttpException.404] exception 'CHttpException' with message 'The system is unable to find the requested action "popup".' in C:\wamp\www\yii\framework\web\CController.php:483
Stack trace:
#0 C:\wamp\www\yii\framework\web\CController.php(270): CController->missingAction('popup')
#1 C:\wamp\www\yii\framework\web\CWebApplication.php(282): CController->run('popup')
#2 C:\wamp\www\yii\framework\web\CWebApplication.php(141): CWebApplication->runController('cms_content/adm...')
#3 C:\wamp\www\yii\framework\base\CApplication.php(180): CWebApplication->processRequest()
#4 C:\wamp\www\cms\index.php(13): CApplication->run()
#5 {main}
REQUEST_URI=/cms/admin/cms_content/filemanager/popup
HTTP_REFERER=http://localhost/cms/cms_content/admin/default
---
2014/01/05 12:00:30 [error] [exception.CHttpException.404] exception 'CHttpException' with message 'The requested page does not exist' in C:\wamp\www\cms\protected\modules\cms_content\controllers\ViewController.php:37
Stack trace:
#0 [internal function]: ViewController->actionType('cms_content', 'admin')
#1 C:\wamp\www\yii\framework\web\actions\CAction.php(108): ReflectionMethod->invokeArgs(Object(ViewController), Array)
#2 C:\wamp\www\yii\framework\web\actions\CInlineAction.php(47): CAction->runWithParamsInternal(Object(ViewController), Object(ReflectionMethod), Array)
#3 C:\wamp\www\yii\framework\web\CController.php(308): CInlineAction->runWithParams(Array)
#4 C:\wamp\www\yii\framework\web\CController.php(286): CController->runAction(Object(CInlineAction))
#5 C:\wamp\www\yii\framework\web\CController.php(265): CController->runActionWithFilters(Object(CInlineAction), Array)
#6 C:\wamp\www\yii\framework\web\CWebApplication.php(282): CController->run('type')
#7 C:\wamp\www\yii\framework\web\CWebApplication.php(141): CWebApplication->runController('cms_content/vie...')
#8 C:\wamp\www\yii\framework\base\CApplication.php(180): CWebApplication->processRequest()
#9 C:\wamp\www\cms\index.php(13): CApplication->run()
#10 {main}
REQUEST_URI=/cms/cms_content/admin/
HTTP_REFERER=http://localhost/cms/assets/21a26a6c/uploadify/beta/uploadify.swf?PHPSESSID=hjm9quvaaqhvnj4lhbbfgj3m00&preventswfcaching=1388923229253
---
2014/01/05 12:00:35 [error] [exception.CHttpException.404] exception 'CHttpException' with message 'The requested page does not exist' in C:\wamp\www\cms\protected\modules\cms_content\controllers\ViewController.php:37
Stack trace:
#0 [internal function]: ViewController->actionType('cms_content', 'admin')
#1 C:\wamp\www\yii\framework\web\actions\CAction.php(108): ReflectionMethod->invokeArgs(Object(ViewController), Array)
#2 C:\wamp\www\yii\framework\web\actions\CInlineAction.php(47): CAction->runWithParamsInternal(Object(ViewController), Object(ReflectionMethod), Array)
#3 C:\wamp\www\yii\framework\web\CController.php(308): CInlineAction->runWithParams(Array)
#4 C:\wamp\www\yii\framework\web\CController.php(286): CController->runAction(Object(CInlineAction))
#5 C:\wamp\www\yii\framework\web\CController.php(265): CController->runActionWithFilters(Object(CInlineAction), Array)
#6 C:\wamp\www\yii\framework\web\CWebApplication.php(282): CController->run('type')
#7 C:\wamp\www\yii\framework\web\CWebApplication.php(141): CWebApplication->runController('cms_content/vie...')
#8 C:\wamp\www\yii\framework\base\CApplication.php(180): CWebApplication->processRequest()
#9 C:\wamp\www\cms\index.php(13): CApplication->run()
#10 {main}
REQUEST_URI=/cms/cms_content/admin/
HTTP_REFERER=http://localhost/cms/assets/21a26a6c/uploadify/beta/uploadify.swf?PHPSESSID=hjm9quvaaqhvnj4lhbbfgj3m00&preventswfcaching=1388923229253
---
2014/01/05 12:01:14 [error] [exception.CHttpException.404] exception 'CHttpException' with message 'The requested page does not exist' in C:\wamp\www\cms\protected\modules\cms_content\controllers\ViewController.php:37
Stack trace:
#0 [internal function]: ViewController->actionType('cms_content', 'admin')
#1 C:\wamp\www\yii\framework\web\actions\CAction.php(108): ReflectionMethod->invokeArgs(Object(ViewController), Array)
#2 C:\wamp\www\yii\framework\web\actions\CInlineAction.php(47): CAction->runWithParamsInternal(Object(ViewController), Object(ReflectionMethod), Array)
#3 C:\wamp\www\yii\framework\web\CController.php(308): CInlineAction->runWithParams(Array)
#4 C:\wamp\www\yii\framework\web\CController.php(286): CController->runAction(Object(CInlineAction))
#5 C:\wamp\www\yii\framework\web\CController.php(265): CController->runActionWithFilters(Object(CInlineAction), Array)
#6 C:\wamp\www\yii\framework\web\CWebApplication.php(282): CController->run('type')
#7 C:\wamp\www\yii\framework\web\CWebApplication.php(141): CWebApplication->runController('cms_content/vie...')
#8 C:\wamp\www\yii\framework\base\CApplication.php(180): CWebApplication->processRequest()
#9 C:\wamp\www\cms\index.php(13): CApplication->run()
#10 {main}
REQUEST_URI=/cms/cms_content/admin/
HTTP_REFERER=http://localhost/cms/assets/21a26a6c/uploadify/beta/uploadify.swf?PHPSESSID=hjm9quvaaqhvnj4lhbbfgj3m00&preventswfcaching=1388923273350
---
2014/01/05 12:01:24 [error] [exception.CHttpException.404] exception 'CHttpException' with message 'The requested page does not exist' in C:\wamp\www\cms\protected\modules\cms_content\controllers\ViewController.php:37
Stack trace:
#0 [internal function]: ViewController->actionType('cms_content', 'admin')
#1 C:\wamp\www\yii\framework\web\actions\CAction.php(108): ReflectionMethod->invokeArgs(Object(ViewController), Array)
#2 C:\wamp\www\yii\framework\web\actions\CInlineAction.php(47): CAction->runWithParamsInternal(Object(ViewController), Object(ReflectionMethod), Array)
#3 C:\wamp\www\yii\framework\web\CController.php(308): CInlineAction->runWithParams(Array)
#4 C:\wamp\www\yii\framework\web\CController.php(286): CController->runAction(Object(CInlineAction))
#5 C:\wamp\www\yii\framework\web\CController.php(265): CController->runActionWithFilters(Object(CInlineAction), Array)
#6 C:\wamp\www\yii\framework\web\CWebApplication.php(282): CController->run('type')
#7 C:\wamp\www\yii\framework\web\CWebApplication.php(141): CWebApplication->runController('cms_content/vie...')
#8 C:\wamp\www\yii\framework\base\CApplication.php(180): CWebApplication->processRequest()
#9 C:\wamp\www\cms\index.php(13): CApplication->run()
#10 {main}
REQUEST_URI=/cms/cms_content/admin/
HTTP_REFERER=http://localhost/cms/assets/21a26a6c/uploadify/beta/uploadify.swf?PHPSESSID=hjm9quvaaqhvnj4lhbbfgj3m00&preventswfcaching=1388923273350
---
